#
# There is insufficient memory for the Java Runtime Environment to continue.
# Native memory allocation (malloc) failed to allocate 32744 bytes for ChunkPool::allocate
# Possible reasons:
#   The system is out of physical RAM or swap space
#   In 32 bit mode, the process size limit was hit
# Possible solutions:
#   Reduce memory load on the system
#   Increase physical memory or swap space
#   Check if swap backing store is full
#   Use 64 bit Java on a 64 bit OS
#   Decrease Java heap size (-Xmx/-Xms)
#   Decrease number of Java threads
#   Decrease Java thread stack sizes (-Xss)
#   Set larger code cache with -XX:ReservedCodeCacheSize=
# This output file may be truncated or incomplete.
#
#  Out of Memory Error (allocation.cpp:273), pid=5152, tid=3816
#
# JRE version: Java(TM) SE Runtime Environment (8.0_25-b18) (build 1.8.0_25-b18)
# Java VM: Java HotSpot(TM) 64-Bit Server VM (25.25-b02 mixed mode windows-amd64 compressed oops)
# Failed to write core dump. Minidumps are not enabled by default on client versions of Windows
#

---------------  T H R E A D  ---------------

Current thread (0x00000000149d8000):  JavaThread "C2 CompilerThread0" daemon [_thread_in_native, id=3816, stack(0x0000000015f50000,0x0000000016050000)]

Stack: [0x0000000015f50000,0x0000000016050000]
Native frames: (J=compiled Java code, j=interpreted, Vv=VM code, C=native code)
V  [jvm.dll+0x31667a]
V  [jvm.dll+0x267073]
V  [jvm.dll+0x267cb3]
V  [jvm.dll+0x25f5b5]
V  [jvm.dll+0xbeec1]
V  [jvm.dll+0xbf60c]
V  [jvm.dll+0x45d6c3]
V  [jvm.dll+0x49e8ef]
V  [jvm.dll+0x4524ef]
V  [jvm.dll+0x453864]
V  [jvm.dll+0x437372]
V  [jvm.dll+0x98a02]
V  [jvm.dll+0x991f3]
V  [jvm.dll+0x22bde4]
V  [jvm.dll+0x2852fa]
C  [msvcr100.dll+0x21d9f]
C  [msvcr100.dll+0x21e3b]
C  [KERNEL32.DLL+0x13d2]
C  [ntdll.dll+0x15444]


Current CompileTask:
C2:   6241  821       4       java.awt.Container::findComponentAtImpl (315 bytes)


---------------  P R O C E S S  ---------------

Java Threads: ( => current thread )
  0x0000000018ae0000 JavaThread "Image Fetcher 1" daemon [_thread_blocked, id=12864, stack(0x0000000019970000,0x0000000019a70000)]
  0x0000000018ae3000 JavaThread "DestroyJavaVM" [_thread_blocked, id=14676, stack(0x00000000020d0000,0x00000000021d0000)]
  0x0000000018ac5800 JavaThread "Image Fetcher 0" daemon [_thread_blocked, id=14756, stack(0x0000000019870000,0x0000000019970000)]
  0x0000000018a7f000 JavaThread "D3D Screen Updater" daemon [_thread_blocked, id=17700, stack(0x0000000019370000,0x0000000019470000)]
  0x00000000165f7000 JavaThread "AWT-EventQueue-0" [_thread_in_native, id=12456, stack(0x0000000018970000,0x0000000018a70000)]
  0x00000000165d2000 JavaThread "AWT-Windows" daemon [_thread_in_native, id=16124, stack(0x0000000016fd0000,0x00000000170d0000)]
  0x00000000165cf800 JavaThread "AWT-Shutdown" [_thread_blocked, id=17636, stack(0x0000000016ed0000,0x0000000016fd0000)]
  0x00000000165cd800 JavaThread "Java2D Disposer" daemon [_thread_blocked, id=17732, stack(0x0000000016dd0000,0x0000000016ed0000)]
  0x0000000016275000 JavaThread "Service Thread" daemon [_thread_blocked, id=14012, stack(0x0000000016650000,0x0000000016750000)]
  0x00000000149d0800 JavaThread "C1 CompilerThread2" daemon [_thread_blocked, id=16392, stack(0x0000000016150000,0x0000000016250000)]
  0x00000000149cd000 JavaThread "C2 CompilerThread1" daemon [_thread_blocked, id=9368, stack(0x0000000016050000,0x0000000016150000)]
=>0x00000000149d8000 JavaThread "C2 CompilerThread0" daemon [_thread_in_native, id=3816, stack(0x0000000015f50000,0x0000000016050000)]
  0x00000000149d6800 JavaThread "Attach Listener" daemon [_thread_blocked, id=16340, stack(0x0000000015e50000,0x0000000015f50000)]
  0x00000000149d4800 JavaThread "Signal Dispatcher" daemon [_thread_blocked, id=16368, stack(0x0000000015d50000,0x0000000015e50000)]
  0x00000000023c6000 JavaThread "Finalizer" daemon [_thread_blocked, id=6192, stack(0x0000000015c50000,0x0000000015d50000)]
  0x00000000023bd000 JavaThread "Reference Handler" daemon [_thread_blocked, id=5672, stack(0x0000000015b50000,0x0000000015c50000)]

Other Threads:
  0x0000000014995800 VMThread [stack: 0x0000000015a50000,0x0000000015b50000] [id=17720]
  0x0000000016277000 WatcherThread [stack: 0x0000000016750000,0x0000000016850000] [id=13336]

VM state:not at safepoint (normal execution)

VM Mutex/Monitor currently owned by a thread: None

Heap:
 PSYoungGen      total 18944K, used 17898K [0x00000000eb200000, 0x00000000ec700000, 0x0000000100000000)
  eden space 16384K, 94% used [0x00000000eb200000,0x00000000ec10bce8,0x00000000ec200000)
  from space 2560K, 97% used [0x00000000ec480000,0x00000000ec6eeea0,0x00000000ec700000)
  to   space 2560K, 0% used [0x00000000ec200000,0x00000000ec200000,0x00000000ec480000)
 ParOldGen       total 44032K, used 22338K [0x00000000c1600000, 0x00000000c4100000, 0x00000000eb200000)
  object space 44032K, 50% used [0x00000000c1600000,0x00000000c2bd0880,0x00000000c4100000)
 Metaspace       used 10051K, capacity 10268K, committed 10496K, reserved 1058816K
  class space    used 1182K, capacity 1251K, committed 1280K, reserved 1048576K

Card table byte_map: [0x0000000011790000,0x0000000011990000] byte_map_base: 0x0000000011185000

Marking Bits: (ParMarkBitMap*) 0x000000006e9ed490
 Begin Bits: [0x0000000011ee0000, 0x0000000012e88000)
 End Bits:   [0x0000000012e88000, 0x0000000013e30000)

Polling page: 0x00000000008b0000

CodeCache: size=245760Kb used=2944Kb max_used=2944Kb free=242815Kb
 bounds [0x00000000023d0000, 0x00000000026c0000, 0x00000000113d0000]
 total_blobs=1303 nmethods=833 adapters=384
 compilation: enabled

Compilation events (10 events):
Event: 6.013 Thread 0x00000000149d0800 nmethod 816 0x00000000026a2190 code [0x00000000026a22e0, 0x00000000026a23f0]
Event: 6.024 Thread 0x00000000149d0800  817       3       sun.awt.windows.WGlobalCursorManager::getCursorManager (20 bytes)
Event: 6.025 Thread 0x00000000149d0800 nmethod 817 0x00000000026a17d0 code [0x00000000026a1960, 0x00000000026a1e70]
Event: 6.035 Thread 0x00000000149d0800  818       3       java.awt.Component::contains (7 bytes)
Event: 6.036 Thread 0x00000000149d0800 nmethod 818 0x00000000026a8290 code [0x00000000026a8400, 0x00000000026a8750]
Event: 6.046 Thread 0x00000000149d0800  819  s    3       java.awt.AWTEvent::get_InputEvent_CanAccessSystemClipboard (26 bytes)
Event: 6.047 Thread 0x00000000149d0800 nmethod 819 0x00000000026a8810 code [0x00000000026a89a0, 0x00000000026a8ee8]
Event: 6.047 Thread 0x00000000149d0800  820       3       java.lang.reflect.Field::setBoolean (52 bytes)
Event: 6.048 Thread 0x00000000149d0800 nmethod 820 0x00000000026a9050 code [0x00000000026a9220, 0x00000000026a9868]
Event: 6.080 Thread 0x00000000149d8000  821       4       java.awt.Container::findComponentAtImpl (315 bytes)

GC Heap History (4 events):
Event: 2.958 GC heap before
{Heap before GC invocations=1 (full 0):
 PSYoungGen      total 18944K, used 12022K [0x00000000eb200000, 0x00000000ec700000, 0x0000000100000000)
  eden space 16384K, 73% used [0x00000000eb200000,0x00000000ebdbda48,0x00000000ec200000)
  from space 2560K, 0% used [0x00000000ec480000,0x00000000ec480000,0x00000000ec700000)
  to   space 2560K, 0% used [0x00000000ec200000,0x00000000ec200000,0x00000000ec480000)
 ParOldGen       total 44032K, used 0K [0x00000000c1600000, 0x00000000c4100000, 0x00000000eb200000)
  object space 44032K, 0% used [0x00000000c1600000,0x00000000c1600000,0x00000000c4100000)
 Metaspace       used 9636K, capacity 9838K, committed 9984K, reserved 1058816K
  class space    used 1169K, capacity 1215K, committed 1280K, reserved 1048576K
Event: 2.970 GC heap after
Heap after GC invocations=1 (full 0):
 PSYoungGen      total 18944K, used 2418K [0x00000000eb200000, 0x00000000ec700000, 0x0000000100000000)
  eden space 16384K, 0% used [0x00000000eb200000,0x00000000eb200000,0x00000000ec200000)
  from space 2560K, 94% used [0x00000000ec200000,0x00000000ec45c8e0,0x00000000ec480000)
  to   space 2560K, 0% used [0x00000000ec480000,0x00000000ec480000,0x00000000ec700000)
 ParOldGen       total 44032K, used 5596K [0x00000000c1600000, 0x00000000c4100000, 0x00000000eb200000)
  object space 44032K, 12% used [0x00000000c1600000,0x00000000c1b771d0,0x00000000c4100000)
 Metaspace       used 9636K, capacity 9838K, committed 9984K, reserved 1058816K
  class space    used 1169K, capacity 1215K, committed 1280K, reserved 1048576K
}
Event: 3.051 GC heap before
{Heap before GC invocations=2 (full 0):
 PSYoungGen      total 18944K, used 18802K [0x00000000eb200000, 0x00000000ec700000, 0x0000000100000000)
  eden space 16384K, 100% used [0x00000000eb200000,0x00000000ec200000,0x00000000ec200000)
  from space 2560K, 94% used [0x00000000ec200000,0x00000000ec45c8e0,0x00000000ec480000)
  to   space 2560K, 0% used [0x00000000ec480000,0x00000000ec480000,0x00000000ec700000)
 ParOldGen       total 44032K, used 5596K [0x00000000c1600000, 0x00000000c4100000, 0x00000000eb200000)
  object space 44032K, 12% used [0x00000000c1600000,0x00000000c1b771d0,0x00000000c4100000)
 Metaspace       used 9639K, capacity 9838K, committed 9984K, reserved 1058816K
  class space    used 1169K, capacity 1215K, committed 1280K, reserved 1048576K
Event: 3.072 GC heap after
Heap after GC invocations=2 (full 0):
 PSYoungGen      total 18944K, used 2491K [0x00000000eb200000, 0x00000000ec700000, 0x0000000100000000)
  eden space 16384K, 0% used [0x00000000eb200000,0x00000000eb200000,0x00000000ec200000)
  from space 2560K, 97% used [0x00000000ec480000,0x00000000ec6eeea0,0x00000000ec700000)
  to   space 2560K, 0% used [0x00000000ec200000,0x00000000ec200000,0x00000000ec480000)
 ParOldGen       total 44032K, used 22338K [0x00000000c1600000, 0x00000000c4100000, 0x00000000eb200000)
  object space 44032K, 50% used [0x00000000c1600000,0x00000000c2bd0880,0x00000000c4100000)
 Metaspace       used 9639K, capacity 9838K, committed 9984K, reserved 1058816K
  class space    used 1169K, capacity 1215K, committed 1280K, reserved 1048576K
}

Deoptimization events (0 events):
No events

Internal exceptions (10 events):
Event: 1.136 Thread 0x0000000018ac5800 Exception <a 'java/security/PrivilegedActionException'> (0x00000000eb69d8d8) thrown at [D:\re\workspace\8-2-build-windows-amd64-cygwin\jdk8u25\1677\hotspot\src\share\vm\prims\jvm.cpp, line 1312]
Event: 1.137 Thread 0x0000000018ac5800 Exception <a 'java/security/PrivilegedActionException'> (0x00000000eb69e948) thrown at [D:\re\workspace\8-2-build-windows-amd64-cygwin\jdk8u25\1677\hotspot\src\share\vm\prims\jvm.cpp, line 1312]
Event: 2.795 Thread 0x00000000165f7000 Exception <a 'java/security/PrivilegedActionException'> (0x00000000eb5a6900) thrown at [D:\re\workspace\8-2-build-windows-amd64-cygwin\jdk8u25\1677\hotspot\src\share\vm\prims\jvm.cpp, line 1312]
Event: 2.799 Thread 0x00000000165f7000 Exception <a 'java/security/PrivilegedActionException'> (0x00000000eb5acab0) thrown at [D:\re\workspace\8-2-build-windows-amd64-cygwin\jdk8u25\1677\hotspot\src\share\vm\prims\jvm.cpp, line 1312]
Event: 3.220 Thread 0x00000000165f7000 Exception <a 'java/security/PrivilegedActionException'> (0x00000000eb2c24d0) thrown at [D:\re\workspace\8-2-build-windows-amd64-cygwin\jdk8u25\1677\hotspot\src\share\vm\prims\jvm.cpp, line 1312]
Event: 3.223 Thread 0x00000000165f7000 Exception <a 'java/security/PrivilegedActionException'> (0x00000000eb2c3938) thrown at [D:\re\workspace\8-2-build-windows-amd64-cygwin\jdk8u25\1677\hotspot\src\share\vm\prims\jvm.cpp, line 1312]
Event: 3.225 Thread 0x00000000165f7000 Exception <a 'java/security/PrivilegedActionException'> (0x00000000eb2c4d30) thrown at [D:\re\workspace\8-2-build-windows-amd64-cygwin\jdk8u25\1677\hotspot\src\share\vm\prims\jvm.cpp, line 1312]
Event: 3.227 Thread 0x00000000165f7000 Exception <a 'java/security/PrivilegedActionException'> (0x00000000eb2c6100) thrown at [D:\re\workspace\8-2-build-windows-amd64-cygwin\jdk8u25\1677\hotspot\src\share\vm\prims\jvm.cpp, line 1312]
Event: 3.229 Thread 0x00000000165f7000 Exception <a 'java/security/PrivilegedActionException'> (0x00000000eb2c74f0) thrown at [D:\re\workspace\8-2-build-windows-amd64-cygwin\jdk8u25\1677\hotspot\src\share\vm\prims\jvm.cpp, line 1312]
Event: 3.231 Thread 0x00000000165f7000 Exception <a 'java/security/PrivilegedActionException'> (0x00000000eb2c8a10) thrown at [D:\re\workspace\8-2-build-windows-amd64-cygwin\jdk8u25\1677\hotspot\src\share\vm\prims\jvm.cpp, line 1312]

Events (10 events):
Event: 3.279 loading class sun/reflect/Label$PatchInfo
Event: 3.279 loading class sun/reflect/Label$PatchInfo done
Event: 3.280 loading class sun/reflect/MethodAccessorGenerator$1
Event: 3.280 loading class sun/reflect/MethodAccessorGenerator$1 done
Event: 3.280 loading class sun/reflect/ClassDefiner
Event: 3.280 loading class sun/reflect/ClassDefiner done
Event: 3.281 loading class sun/reflect/ClassDefiner$1
Event: 3.281 loading class sun/reflect/ClassDefiner$1 done
Event: 4.221 Executing VM operation: EnableBiasedLocking
Event: 4.221 Executing VM operation: EnableBiasedLocking done


Dynamic libraries:
0x00007ff7f07c0000 - 0x00007ff7f07f4000 	C:\Program Files\Java\jdk1.8.0_25\bin\javaw.exe
0x00007ffc42650000 - 0x00007ffc427fc000 	C:\windows\SYSTEM32\ntdll.dll
0x00007ffc40eb0000 - 0x00007ffc40fee000 	C:\windows\system32\KERNEL32.DLL
0x00007ffc3f8c0000 - 0x00007ffc3f9d5000 	C:\windows\system32\KERNELBASE.dll
0x00007ffc3e340000 - 0x00007ffc3e3ce000 	C:\windows\system32\apphelp.dll
0x00007ffc21d50000 - 0x00007ffc21da3000 	C:\windows\AppPatch\AppPatch64\AcGenral.DLL
0x00007ffc3ffb0000 - 0x00007ffc4005a000 	C:\windows\system32\msvcrt.dll
0x00007ffc3f5d0000 - 0x00007ffc3f5fe000 	C:\windows\SYSTEM32\SspiCli.dll
0x00007ffc40060000 - 0x00007ffc400b4000 	C:\windows\system32\SHLWAPI.dll
0x00007ffc407e0000 - 0x00007ffc40957000 	C:\windows\system32\USER32.dll
0x00007ffc40130000 - 0x00007ffc402c4000 	C:\windows\system32\ole32.dll
0x00007ffc41130000 - 0x00007ffc42648000 	C:\windows\system32\SHELL32.dll
0x00007ffc3ed40000 - 0x00007ffc3ed61000 	C:\windows\SYSTEM32\USERENV.dll
0x00007ffc3fcd0000 - 0x00007ffc3fd7a000 	C:\windows\system32\ADVAPI32.dll
0x00007ffc313a0000 - 0x00007ffc313be000 	C:\windows\SYSTEM32\MPR.dll
0x00007ffc40460000 - 0x00007ffc405a1000 	C:\windows\system32\RPCRT4.dll
0x00007ffc405d0000 - 0x00007ffc40629000 	C:\windows\SYSTEM32\sechost.dll
0x00007ffc3fd80000 - 0x00007ffc3ff91000 	C:\windows\SYSTEM32\combase.dll
0x00007ffc40d50000 - 0x00007ffc40ea1000 	C:\windows\system32\GDI32.dll
0x00007ffc3f7a0000 - 0x00007ffc3f7b5000 	C:\windows\SYSTEM32\profapi.dll
0x00007ffc3dd10000 - 0x00007ffc3ddc2000 	C:\windows\SYSTEM32\SHCORE.dll
0x00007ffc40ac0000 - 0x00007ffc40af6000 	C:\windows\system32\IMM32.DLL
0x00007ffc40960000 - 0x00007ffc40ab2000 	C:\windows\system32\MSCTF.dll
0x00007ffc3bf30000 - 0x00007ffc3c1aa000 	C:\windows\WinSxS\amd64_microsoft.windows.common-controls_6595b64144ccf1df_6.0.9600.17810_none_6240b9c7ecbd0bda\COMCTL32.dll
0x000000006ea70000 - 0x000000006eb42000 	C:\Program Files\Java\jdk1.8.0_25\jre\bin\msvcr100.dll
0x000000006e210000 - 0x000000006ea6a000 	C:\Program Files\Java\jdk1.8.0_25\jre\bin\server\jvm.dll
0x00007ffc36f10000 - 0x00007ffc36f19000 	C:\windows\SYSTEM32\WSOCK32.dll
0x00007ffc390d0000 - 0x00007ffc390f2000 	C:\windows\SYSTEM32\WINMM.dll
0x00007ffc40390000 - 0x00007ffc40397000 	C:\windows\system32\PSAPI.DLL
0x00007ffc410d0000 - 0x00007ffc4112a000 	C:\windows\system32\WS2_32.dll
0x00007ffc390a0000 - 0x00007ffc390ca000 	C:\windows\SYSTEM32\WINMMBASE.dll
0x00007ffc40ff0000 - 0x00007ffc40ff9000 	C:\windows\system32\NSI.dll
0x00007ffc3f870000 - 0x00007ffc3f8bf000 	C:\windows\SYSTEM32\cfgmgr32.dll
0x00007ffc3e590000 - 0x00007ffc3e5b8000 	C:\windows\SYSTEM32\DEVOBJ.dll
0x000000006e200000 - 0x000000006e20f000 	C:\Program Files\Java\jdk1.8.0_25\jre\bin\verify.dll
0x000000006e1d0000 - 0x000000006e1f8000 	C:\Program Files\Java\jdk1.8.0_25\jre\bin\java.dll
0x000000006e1b0000 - 0x000000006e1c6000 	C:\Program Files\Java\jdk1.8.0_25\jre\bin\zip.dll
0x000000006e010000 - 0x000000006e1a8000 	C:\Program Files\Java\jdk1.8.0_25\jre\bin\awt.dll
0x00007ffc41000000 - 0x00007ffc410c1000 	C:\windows\system32\OLEAUT32.dll
0x00007ffc3d960000 - 0x00007ffc3d981000 	C:\windows\system32\DWMAPI.DLL
0x00007ffc3e410000 - 0x00007ffc3e539000 	C:\windows\system32\uxtheme.dll
0x00007ffc3e5e0000 - 0x00007ffc3e5eb000 	C:\windows\SYSTEM32\kernel.appcore.dll
0x00007ffc3f670000 - 0x00007ffc3f67b000 	C:\windows\SYSTEM32\CRYPTBASE.dll
0x00007ffc3f600000 - 0x00007ffc3f663000 	C:\windows\SYSTEM32\bcryptPrimitives.dll
0x00007ffc1a3a0000 - 0x00007ffc1a5c1000 	C:\windows\system32\d3d9.dll
0x00007ffc375c0000 - 0x00007ffc375ca000 	C:\windows\SYSTEM32\VERSION.dll
0x00007ffc19080000 - 0x00007ffc1a397000 	C:\windows\SYSTEM32\igdumdim64.dll
0x00007ffc3bae0000 - 0x00007ffc3bf2a000 	C:\windows\SYSTEM32\igdusc64.dll
0x000000006dfc0000 - 0x000000006e007000 	C:\Program Files\Java\jdk1.8.0_25\jre\bin\fontmanager.dll
0x000000006def0000 - 0x000000006df21000 	C:\Program Files\Java\jdk1.8.0_25\jre\bin\jpeg.dll
0x000000006dfa0000 - 0x000000006dfba000 	C:\Program Files\Java\jdk1.8.0_25\jre\bin\net.dll
0x00007ffc3f010000 - 0x00007ffc3f069000 	C:\windows\system32\mswsock.dll
0x000000006df80000 - 0x000000006df91000 	C:\Program Files\Java\jdk1.8.0_25\jre\bin\nio.dll
0x000000006df30000 - 0x000000006df71000 	C:\Program Files\Java\jdk1.8.0_25\jre\bin\t2k.dll
0x00007ffc39fd0000 - 0x00007ffc3a159000 	C:\windows\SYSTEM32\dbghelp.dll

VM Arguments:
jvm_args: -Dfile.encoding=Cp1252 
java_command: PlayChess
java_class_path (initial): C:\Users\Ryan\workspace\Chess\bin
Launcher Type: SUN_STANDARD

Environment Variables:
PATH=C:/Program Files/Java/jre1.8.0_45/bin/server;C:/Program Files/Java/jre1.8.0_45/bin;C:/Program Files/Java/jre1.8.0_45/lib/amd64;C:\ProgramData\Oracle\Java\javapath;C:\Program Files (x86)\Lenovo\FusionEngine;C:\Program Files (x86)\Intel\iCLS Client\;C:\Program Files\Intel\iCLS Client\;C:\windows\system32;C:\windows;C:\windows\System32\Wbem;C:\windows\System32\WindowsPowerShell\v1.0\;C:\Program Files\Intel\Intel(R) Management Engine Components\DAL;C:\Program Files\Intel\Intel(R) Management Engine Components\IPT;C:\Program Files (x86)\Intel\Intel(R) Management Engine Components\DAL;C:\Program Files (x86)\Intel\Intel(R) Management Engine Components\IPT;C:\Program Files (x86)\Common Files\lenovo\easyplussdk\bin;C:\frc\bin;C:\Program Files (x86)\Git\cmd;C:\Program Files (x86)\Git\bin;C:\Program Files\eclipse;
USERNAME=Ryan
OS=Windows_NT
PROCESSOR_IDENTIFIER=Intel64 Family 6 Model 69 Stepping 1, GenuineIntel



---------------  S Y S T E M  ---------------

OS: Windows 8.1 , 64 bit Build 9600 

CPU:total 4 (2 cores per cpu, 2 threads per core) family 6 model 69 stepping 1, cmov, cx8, fxsr, mmx, sse, sse2, sse3, ssse3, sse4.1, sse4.2, popcnt, avx, avx2, aes, clmul, erms, lzcnt, ht, tsc, tscinvbit, bmi1, bmi2

Memory: 4k page, physical 4100104k(954592k free), swap 16683016k(4684k free)

vm_info: Java HotSpot(TM) 64-Bit Server VM (25.25-b02) for windows-amd64 JRE (1.8.0_25-b18), built on Oct  7 2014 14:25:37 by "java_re" with MS VC++ 10.0 (VS2010)

time: Tue Jun 16 15:46:47 2015
elapsed time: 6 seconds (0d 0h 0m 6s)

